2020-10-12 02:35:00.454  INFO 15664 --- [main] c.r.i.c.CodingChallengeApplication       : Starting CodingChallengeApplication on LAPTOP-F48K57Q8 with PID 15664 (C:\Users\reihane\eclipse-workspace\ing\coding-challenge\target\classes started by reihane in C:\Users\reihane\eclipse-workspace\ing\coding-challenge)
2020-10-12 02:35:00.460  INFO 15664 --- [main] c.r.i.c.CodingChallengeApplication       : No active profile set, falling back to default profiles: default
2020-10-12 02:35:01.536  WARN 15664 --- [background-preinit] o.s.h.c.j.Jackson2ObjectMapperBuilder    : For Jackson Kotlin classes support please add "com.fasterxml.jackson.module:jackson-module-kotlin" to the classpath
2020-10-12 02:35:02.206  INFO 15664 --- [main] .s.d.r.c.RepositoryConfigurationDelegate : Bootstrapping Spring Data JPA repositories in DEFERRED mode.
2020-10-12 02:35:02.358  INFO 15664 --- [main] .s.d.r.c.RepositoryConfigurationDelegate : Finished Spring Data repository scanning in 134ms. Found 1 JPA repository interfaces.
2020-10-12 02:35:03.665  INFO 15664 --- [main] o.s.b.w.embedded.tomcat.TomcatWebServer  : Tomcat initialized with port(s): 8080 (http)
2020-10-12 02:35:03.679  INFO 15664 --- [main] o.apache.catalina.core.StandardService   : Starting service [Tomcat]
2020-10-12 02:35:03.680  INFO 15664 --- [main] org.apache.catalina.core.StandardEngine  : Starting Servlet engine: [Apache Tomcat/9.0.38]
2020-10-12 02:35:03.956  INFO 15664 --- [main] o.a.c.c.C.[Tomcat].[localhost].[/]       : Initializing Spring embedded WebApplicationContext
2020-10-12 02:35:03.957  INFO 15664 --- [main] w.s.c.ServletWebServerApplicationContext : Root WebApplicationContext: initialization completed in 3400 ms
2020-10-12 02:35:04.367  INFO 15664 --- [main] o.s.s.concurrent.ThreadPoolTaskExecutor  : Initializing ExecutorService 'applicationTaskExecutor'
2020-10-12 02:35:04.404  INFO 15664 --- [main] com.zaxxer.hikari.HikariDataSource       : HikariPool-1 - Starting...
2020-10-12 02:35:04.717  INFO 15664 --- [main] com.zaxxer.hikari.HikariDataSource       : HikariPool-1 - Start completed.
2020-10-12 02:35:04.854  INFO 15664 --- [task-1] o.hibernate.jpa.internal.util.LogHelper  : HHH000204: Processing PersistenceUnitInfo [name: default]
2020-10-12 02:35:04.994  WARN 15664 --- [main] JpaBaseConfiguration$JpaWebConfiguration : spring.jpa.open-in-view is enabled by default. Therefore, database queries may be performed during view rendering. Explicitly configure spring.jpa.open-in-view to disable this warning
2020-10-12 02:35:05.026  INFO 15664 --- [task-1] org.hibernate.Version                    : HHH000412: Hibernate ORM core version 5.4.21.Final
2020-10-12 02:35:05.426  INFO 15664 --- [task-1] o.hibernate.annotations.common.Version   : HCANN000001: Hibernate Commons Annotations {5.1.0.Final}
2020-10-12 02:35:05.493  INFO 15664 --- [main] o.s.s.web.DefaultSecurityFilterChain     : Creating filter chain: any request, [org.springframework.security.web.context.request.async.WebAsyncManagerIntegrationFilter@3ddeaa5f, org.springframework.security.web.context.SecurityContextPersistenceFilter@2596d7f4, org.springframework.security.web.header.HeaderWriterFilter@f1f7db2, org.springframework.security.web.authentication.logout.LogoutFilter@4d6ccc97, com.rihanna.ing.codingchallenge.security.filter.JwtRequestFilter@58ec7116, org.springframework.security.web.savedrequest.RequestCacheAwareFilter@6aa3bfc, org.springframework.security.web.servletapi.SecurityContextHolderAwareRequestFilter@6ca8fcf3, org.springframework.security.web.authentication.AnonymousAuthenticationFilter@1a500561, org.springframework.security.web.session.SessionManagementFilter@6fc1020a, org.springframework.security.web.access.ExceptionTranslationFilter@28ee7bee, org.springframework.security.web.access.intercept.FilterSecurityInterceptor@3bc4ef12]
2020-10-12 02:35:05.736  INFO 15664 --- [task-1] org.hibernate.dialect.Dialect            : HHH000400: Using dialect: org.hibernate.dialect.H2Dialect
2020-10-12 02:35:06.450  INFO 15664 --- [main] o.s.b.w.embedded.tomcat.TomcatWebServer  : Tomcat started on port(s): 8080 (http) with context path ''
2020-10-12 02:35:06.453  INFO 15664 --- [main] DeferredRepositoryInitializationListener : Triggering deferred initialization of Spring Data repositories…
2020-10-12 02:35:07.568  INFO 15664 --- [task-1] o.h.e.t.j.p.i.JtaPlatformInitiator       : HHH000490: Using JtaPlatform implementation: [org.hibernate.engine.transaction.jta.platform.internal.NoJtaPlatform]
2020-10-12 02:35:07.580  INFO 15664 --- [task-1] j.LocalContainerEntityManagerFactoryBean : Initialized JPA EntityManagerFactory for persistence unit 'default'
2020-10-12 02:35:08.085  INFO 15664 --- [main] DeferredRepositoryInitializationListener : Spring Data repositories initialized!
2020-10-12 02:35:08.098  INFO 15664 --- [main] c.r.i.c.CodingChallengeApplication       : Started CodingChallengeApplication in 8.231 seconds (JVM running for 9.092)
