"2020-10-12 02:39:34 - Tomcat started on port(s): 8080 (http) with context path ''
""2020-10-12 02:39:34 - Triggering deferred initialization of Spring Data repositories…
""2020-10-12 02:39:35 - HHH000490: Using JtaPlatform implementation: [org.hibernate.engine.transaction.jta.platform.internal.NoJtaPlatform]
""2020-10-12 02:39:35 - Initialized JPA EntityManagerFactory for persistence unit 'default'
""2020-10-12 02:39:36 - Spring Data repositories initialized!
""2020-10-12 02:39:36 - Started CodingChallengeApplication in 8.288 seconds (JVM running for 9.089)
"2020-10-12 02:40:17.439  INFO 8564 --- [main] c.r.i.c.CodingChallengeApplication       : Starting CodingChallengeApplication on LAPTOP-F48K57Q8 with PID 8564 (C:\Users\reihane\eclipse-workspace\ing\coding-challenge\target\classes started by reihane in C:\Users\reihane\eclipse-workspace\ing\coding-challenge)
2020-10-12 02:40:17.445  INFO 8564 --- [main] c.r.i.c.CodingChallengeApplication       : No active profile set, falling back to default profiles: default
2020-10-12 02:40:18.451  WARN 8564 --- [background-preinit] o.s.h.c.j.Jackson2ObjectMapperBuilder    : For Jackson Kotlin classes support please add "com.fasterxml.jackson.module:jackson-module-kotlin" to the classpath
2020-10-12 02:40:19.148  INFO 8564 --- [main] .s.d.r.c.RepositoryConfigurationDelegate : Bootstrapping Spring Data JPA repositories in DEFERRED mode.
2020-10-12 02:40:19.302  INFO 8564 --- [main] .s.d.r.c.RepositoryConfigurationDelegate : Finished Spring Data repository scanning in 137ms. Found 1 JPA repository interfaces.
2020-10-12 02:40:20.620  INFO 8564 --- [main] o.s.b.w.embedded.tomcat.TomcatWebServer  : Tomcat initialized with port(s): 8080 (http)
2020-10-12 02:40:20.636  INFO 8564 --- [main] o.apache.catalina.core.StandardService   : Starting service [Tomcat]
2020-10-12 02:40:20.637  INFO 8564 --- [main] org.apache.catalina.core.StandardEngine  : Starting Servlet engine: [Apache Tomcat/9.0.38]
2020-10-12 02:40:20.949  INFO 8564 --- [main] o.a.c.c.C.[Tomcat].[localhost].[/]       : Initializing Spring embedded WebApplicationContext
2020-10-12 02:40:20.949  INFO 8564 --- [main] w.s.c.ServletWebServerApplicationContext : Root WebApplicationContext: initialization completed in 3388 ms
2020-10-12 02:40:21.466  INFO 8564 --- [main] o.s.s.concurrent.ThreadPoolTaskExecutor  : Initializing ExecutorService 'applicationTaskExecutor'
2020-10-12 02:40:21.499  INFO 8564 --- [main] com.zaxxer.hikari.HikariDataSource       : HikariPool-1 - Starting...
2020-10-12 02:40:21.789  INFO 8564 --- [main] com.zaxxer.hikari.HikariDataSource       : HikariPool-1 - Start completed.
2020-10-12 02:40:21.940  INFO 8564 --- [task-1] o.hibernate.jpa.internal.util.LogHelper  : HHH000204: Processing PersistenceUnitInfo [name: default]
2020-10-12 02:40:22.057  WARN 8564 --- [main] JpaBaseConfiguration$JpaWebConfiguration : spring.jpa.open-in-view is enabled by default. Therefore, database queries may be performed during view rendering. Explicitly configure spring.jpa.open-in-view to disable this warning
2020-10-12 02:40:22.126  INFO 8564 --- [task-1] org.hibernate.Version                    : HHH000412: Hibernate ORM core version 5.4.21.Final
2020-10-12 02:40:22.508  INFO 8564 --- [task-1] o.hibernate.annotations.common.Version   : HCANN000001: Hibernate Commons Annotations {5.1.0.Final}
2020-10-12 02:40:22.590  INFO 8564 --- [main] o.s.s.web.DefaultSecurityFilterChain     : Creating filter chain: any request, [org.springframework.security.web.context.request.async.WebAsyncManagerIntegrationFilter@176555c, org.springframework.security.web.context.SecurityContextPersistenceFilter@69f0b0f4, org.springframework.security.web.header.HeaderWriterFilter@2629d5dc, org.springframework.security.web.authentication.logout.LogoutFilter@7be1ce6a, com.rihanna.ing.codingchallenge.security.filter.JwtRequestFilter@1aac188d, org.springframework.security.web.savedrequest.RequestCacheAwareFilter@2f7efd0b, org.springframework.security.web.servletapi.SecurityContextHolderAwareRequestFilter@d2291de, org.springframework.security.web.authentication.AnonymousAuthenticationFilter@7c781c42, org.springframework.security.web.session.SessionManagementFilter@28f4f300, org.springframework.security.web.access.ExceptionTranslationFilter@2bfb583b, org.springframework.security.web.access.intercept.FilterSecurityInterceptor@7f9fc8bd]
2020-10-12 02:40:23.006  INFO 8564 --- [task-1] org.hibernate.dialect.Dialect            : HHH000400: Using dialect: org.hibernate.dialect.H2Dialect
2020-10-12 02:40:23.933  INFO 8564 --- [main] o.s.b.w.embedded.tomcat.TomcatWebServer  : Tomcat started on port(s): 8080 (http) with context path ''
2020-10-12 02:40:23.938  INFO 8564 --- [main] DeferredRepositoryInitializationListener : Triggering deferred initialization of Spring Data repositories…
2020-10-12 02:40:25.032  INFO 8564 --- [task-1] o.h.e.t.j.p.i.JtaPlatformInitiator       : HHH000490: Using JtaPlatform implementation: [org.hibernate.engine.transaction.jta.platform.internal.NoJtaPlatform]
2020-10-12 02:40:25.045  INFO 8564 --- [task-1] j.LocalContainerEntityManagerFactoryBean : Initialized JPA EntityManagerFactory for persistence unit 'default'
2020-10-12 02:40:25.502  INFO 8564 --- [main] DeferredRepositoryInitializationListener : Spring Data repositories initialized!
2020-10-12 02:40:25.521  INFO 8564 --- [main] c.r.i.c.CodingChallengeApplication       : Started CodingChallengeApplication in 8.658 seconds (JVM running for 9.464)
